[2025-10-14 09:50:47] [INFO] Iniciando listagem de tabelas do banco Supabase remoto...
[2025-10-14 09:50:47] [INFO] Conectando ao projeto Supabase: kpzzekflqpoeccnqfkng
Usage:
System.Management.Automation.RemoteException
Flags:
      --db-url string     Connect using the specified Postgres URL (must be percent-encoded).
  -h, --help              help for remote
      --linked            Connect to the linked project. (default true)
  -p, --password string   Password to your remote Postgres database.
  -s, --schema strings    Comma separated list of schema to include.
System.Management.Automation.RemoteException
Global Flags:
      --create-ticket                                  create a support ticket for any CLI error
      --debug                                          output debug logs to stderr
      --dns-resolver [ native | https ]                lookup domain names using the specified resolver (default native)
      --experimental                                   enable experimental features
      --network-id string                              use the specified docker network instead of a generated one
  -o, --output [ env | pretty | json | toml | yaml ]   output format of status variables (default pretty)
      --profile string                                 use a specific profile for connecting to Supabase API (default "supabase")
      --workdir string                                 path to a Supabase project directory
      --yes                                            answer yes to all prompts
System.Management.Automation.RemoteException
unknown flag: --project-ref
Try rerunning the command with --debug to troubleshoot the error.
[2025-10-14 09:50:51] [OK] Listagem de tabelas concluída.
