[2025-10-18 00:12:35][INFO] Script iniciado
[2025-10-18 00:12:35][OK] .env.local carregado
[2025-10-18 00:12:35][OK] API app\api\forecast_clima\route.ts criada
[2025-10-18 00:12:35][OK] API app\api\predict_weight\route.ts criada
[2025-10-18 00:12:35][OK] API app\api\ultrachat\route.ts criada

up to date, audited 514 packages in 29s

179 packages are looking for funding
  run `npm fund` for details

3 vulnerabilities (2 low, 1 moderate)

To address all issues, run:
  npm audit fix

Run `npm audit` for details.
[2025-10-18 00:13:10][OK] npm install concluído

> pecuariatech@0.1.0 build
> next build

   Ôû▓ Next.js 15.3.4
   - Environments: .env.local, .env

   Creating an optimized production build ...
Failed to compile.

./app/layout.tsx
Module not found: Can't resolve '@/components/SWRegister'

https://nextjs.org/docs/messages/module-not-found


> Build failed because of webpack errors
[2025-10-18 00:14:21][OK] Build concluído
[2025-10-18 00:14:26][INFO] Script finalizado. Log: C:\Users\Administrador\pecuariatech\scripts\logs\ultrabiologica_20251018_001235.log
