Removido BOM -> C:\Users\Administrador\pecuariatech\app\api\autonomo\route.ts
Removido BOM -> C:\Users\Administrador\pecuariatech\app\api\chat\route.ts
Removido BOM -> C:\Users\Administrador\pecuariatech\app\components\UltraChat.tsx
Removido BOM -> C:\Users\Administrador\pecuariatech\app\dashboard\page.tsx
Removido BOM -> C:\Users\Administrador\pecuariatech\app\pastagem\page.tsx
Removido BOM -> C:\Users\Administrador\pecuariatech\app\rebanho\page.tsx
Removido BOM -> C:\Users\Administrador\pecuariatech\app\ultrabiologica\status\page.tsx
Removido BOM -> C:\Users\Administrador\pecuariatech\app\layout.tsx
Removido BOM -> C:\Users\Administrador\pecuariatech\backup_20251009_235929\C__Users_Administrador_pecuariatech_app_dashboard_page.tsx
Removido BOM -> C:\Users\Administrador\pecuariatech\backup_20251009_235929\C__Users_Administrador_pecuariatech_app_layout.tsx
Removido BOM -> C:\Users\Administrador\pecuariatech\backup_20251009_235929\C__Users_Administrador_pecuariatech_app_pastagem_page.tsx
Removido BOM -> C:\Users\Administrador\pecuariatech\backup_20251009_235929\C__Users_Administrador_pecuariatech_app_rebanho_page.tsx
Removido BOM -> C:\Users\Administrador\pecuariatech\backup_20251009_235929\C__Users_Administrador_pecuariatech_app_ultrabiologica_status_page.tsx
Removido BOM -> C:\Users\Administrador\pecuariatech\backup_20251009_235929\C__Users_Administrador_pecuariatech_src_app_financeiro_page.tsx
Removido BOM -> C:\Users\Administrador\pecuariatech\backup_20251009_235929\C__Users_Administrador_pecuariatech_src_app_layout.tsx
Removido BOM -> C:\Users\Administrador\pecuariatech\backup_20251009_235929\C__Users_Administrador_pecuariatech_src_app_page.tsx
Removido BOM -> C:\Users\Administrador\pecuariatech\backup_20251009_235929\C__Users_Administrador_pecuariatech_src_dashboard_page.tsx
Removido BOM -> C:\Users\Administrador\pecuariatech\backup_20251009_235929\C__Users_Administrador_pecuariatech_src_pastagem_page.tsx
Removido BOM -> C:\Users\Administrador\pecuariatech\backup_20251010_000431\C__Users_Administrador_pecuariatech_app_dashboard_page.tsx
Removido BOM -> C:\Users\Administrador\pecuariatech\backup_20251010_000431\C__Users_Administrador_pecuariatech_app_layout.tsx
Removido BOM -> C:\Users\Administrador\pecuariatech\backup_20251010_000431\C__Users_Administrador_pecuariatech_app_pastagem_page.tsx
Removido BOM -> C:\Users\Administrador\pecuariatech\backup_20251010_000431\C__Users_Administrador_pecuariatech_app_rebanho_page.tsx
Removido BOM -> C:\Users\Administrador\pecuariatech\backup_20251010_000431\C__Users_Administrador_pecuariatech_app_ultrabiologica_status_page.tsx
Removido BOM -> C:\Users\Administrador\pecuariatech\backup_20251010_000431\C__Users_Administrador_pecuariatech_backup_20251009_235929_C__Users_Administrador_pecuariatech_app_dashboard_page.tsx
Removido BOM -> C:\Users\Administrador\pecuariatech\backup_20251010_000431\C__Users_Administrador_pecuariatech_backup_20251009_235929_C__Users_Administrador_pecuariatech_app_layout.tsx
Removido BOM -> C:\Users\Administrador\pecuariatech\backup_20251010_000431\C__Users_Administrador_pecuariatech_backup_20251009_235929_C__Users_Administrador_pecuariatech_app_pastagem_page.tsx
Removido BOM -> C:\Users\Administrador\pecuariatech\backup_20251010_000431\C__Users_Administrador_pecuariatech_backup_20251009_235929_C__Users_Administrador_pecuariatech_app_rebanho_page.tsx
Removido BOM -> C:\Users\Administrador\pecuariatech\backup_20251010_000431\C__Users_Administrador_pecuariatech_backup_20251009_235929_C__Users_Administrador_pecuariatech_app_ultrabiologica_status_page.tsx
Removido BOM -> C:\Users\Administrador\pecuariatech\backup_20251010_000431\C__Users_Administrador_pecuariatech_backup_20251009_235929_C__Users_Administrador_pecuariatech_src_app_financeiro_page.tsx
Removido BOM -> C:\Users\Administrador\pecuariatech\backup_20251010_000431\C__Users_Administrador_pecuariatech_backup_20251009_235929_C__Users_Administrador_pecuariatech_src_app_layout.tsx
Removido BOM -> C:\Users\Administrador\pecuariatech\backup_20251010_000431\C__Users_Administrador_pecuariatech_backup_20251009_235929_C__Users_Administrador_pecuariatech_src_app_page.tsx
Removido BOM -> C:\Users\Administrador\pecuariatech\backup_20251010_000431\C__Users_Administrador_pecuariatech_backup_20251009_235929_C__Users_Administrador_pecuariatech_src_dashboard_page.tsx
Removido BOM -> C:\Users\Administrador\pecuariatech\backup_20251010_000431\C__Users_Administrador_pecuariatech_backup_20251009_235929_C__Users_Administrador_pecuariatech_src_pastagem_page.tsx
Removido BOM -> C:\Users\Administrador\pecuariatech\backup_20251010_000431\C__Users_Administrador_pecuariatech_src_app_financeiro_page.tsx
Removido BOM -> C:\Users\Administrador\pecuariatech\backup_20251010_000431\C__Users_Administrador_pecuariatech_src_app_layout.tsx
Removido BOM -> C:\Users\Administrador\pecuariatech\backup_20251010_000431\C__Users_Administrador_pecuariatech_src_app_page.tsx
Removido BOM -> C:\Users\Administrador\pecuariatech\backup_20251010_000431\C__Users_Administrador_pecuariatech_src_dashboard_page.tsx
Removido BOM -> C:\Users\Administrador\pecuariatech\backup_20251010_000431\C__Users_Administrador_pecuariatech_src_pastagem_page.tsx
Removido BOM -> C:\Users\Administrador\pecuariatech\backup_app_20251018_102216\api\autonomo\route.ts
Removido BOM -> C:\Users\Administrador\pecuariatech\backup_app_20251018_102216\api\chat\route.ts
Removido BOM -> C:\Users\Administrador\pecuariatech\backup_app_20251018_102216\components\UltraChat.tsx
Removido BOM -> C:\Users\Administrador\pecuariatech\backup_app_20251018_102216\dashboard\page.tsx
Removido BOM -> C:\Users\Administrador\pecuariatech\backup_app_20251018_102216\pastagem\page.tsx
Removido BOM -> C:\Users\Administrador\pecuariatech\backup_app_20251018_102216\rebanho\page.tsx
Removido BOM -> C:\Users\Administrador\pecuariatech\backup_app_20251018_102216\ultrabiologica\status\page.tsx
Removido BOM -> C:\Users\Administrador\pecuariatech\backup_app_20251018_132503\api\autonomo\route.ts
Removido BOM -> C:\Users\Administrador\pecuariatech\backup_app_20251018_132503\api\chat\route.ts
Removido BOM -> C:\Users\Administrador\pecuariatech\backup_app_20251018_132503\components\UltraChat.tsx
Removido BOM -> C:\Users\Administrador\pecuariatech\backup_app_20251018_132503\dashboard\page.tsx
Removido BOM -> C:\Users\Administrador\pecuariatech\backup_app_20251018_132503\pastagem\page.tsx
Removido BOM -> C:\Users\Administrador\pecuariatech\backup_app_20251018_132503\rebanho\page.tsx
Removido BOM -> C:\Users\Administrador\pecuariatech\backup_app_20251018_132503\ultrabiologica\status\page.tsx
Removido BOM -> C:\Users\Administrador\pecuariatech\backup_app_20251018_142927\api\autonomo\route.ts
Removido BOM -> C:\Users\Administrador\pecuariatech\backup_app_20251018_142927\api\chat\route.ts
Removido BOM -> C:\Users\Administrador\pecuariatech\backup_app_20251018_142927\components\UltraChat.tsx
Removido BOM -> C:\Users\Administrador\pecuariatech\backup_app_20251018_142927\dashboard\page.tsx
Removido BOM -> C:\Users\Administrador\pecuariatech\backup_app_20251018_142927\pastagem\page.tsx
Removido BOM -> C:\Users\Administrador\pecuariatech\backup_app_20251018_142927\rebanho\page.tsx
Removido BOM -> C:\Users\Administrador\pecuariatech\backup_app_20251018_142927\ultrabiologica\status\page.tsx
Removido BOM -> C:\Users\Administrador\pecuariatech\backup_utf8_restore_20251022_163727\app\api\autonomo\route.ts
Removido BOM -> C:\Users\Administrador\pecuariatech\backup_utf8_restore_20251022_163727\app\api\chat\route.ts
Removido BOM -> C:\Users\Administrador\pecuariatech\backup_utf8_restore_20251022_163727\app\components\UltraChat.tsx
Removido BOM -> C:\Users\Administrador\pecuariatech\backup_utf8_restore_20251022_163727\app\dashboard\page.tsx
Removido BOM -> C:\Users\Administrador\pecuariatech\backup_utf8_restore_20251022_163727\app\pastagem\page.tsx
Removido BOM -> C:\Users\Administrador\pecuariatech\backup_utf8_restore_20251022_163727\app\rebanho\page.tsx
Removido BOM -> C:\Users\Administrador\pecuariatech\backup_utf8_restore_20251022_163727\app\ultrabiologica\status\page.tsx
Removido BOM -> C:\Users\Administrador\pecuariatech\backup_utf8_restore_20251022_163727\app\layout.tsx
Removido BOM -> C:\Users\Administrador\pecuariatech\backup_utf8_restore_20251022_163727\backup_20251009_235929\C__Users_Administrador_pecuariatech_app_dashboard_page.tsx
Removido BOM -> C:\Users\Administrador\pecuariatech\backup_utf8_restore_20251022_163727\backup_20251009_235929\C__Users_Administrador_pecuariatech_app_layout.tsx
Removido BOM -> C:\Users\Administrador\pecuariatech\backup_utf8_restore_20251022_163727\backup_20251009_235929\C__Users_Administrador_pecuariatech_app_pastagem_page.tsx
Removido BOM -> C:\Users\Administrador\pecuariatech\backup_utf8_restore_20251022_163727\backup_20251009_235929\C__Users_Administrador_pecuariatech_app_rebanho_page.tsx
Removido BOM -> C:\Users\Administrador\pecuariatech\backup_utf8_restore_20251022_163727\backup_20251009_235929\C__Users_Administrador_pecuariatech_app_ultrabiologica_status_page.tsx
Removido BOM -> C:\Users\Administrador\pecuariatech\backup_utf8_restore_20251022_163727\backup_20251009_235929\C__Users_Administrador_pecuariatech_src_app_financeiro_page.tsx
Removido BOM -> C:\Users\Administrador\pecuariatech\backup_utf8_restore_20251022_163727\backup_20251009_235929\C__Users_Administrador_pecuariatech_src_app_layout.tsx
Removido BOM -> C:\Users\Administrador\pecuariatech\backup_utf8_restore_20251022_163727\backup_20251009_235929\C__Users_Administrador_pecuariatech_src_app_page.tsx
Removido BOM -> C:\Users\Administrador\pecuariatech\backup_utf8_restore_20251022_163727\backup_20251009_235929\C__Users_Administrador_pecuariatech_src_dashboard_page.tsx
Removido BOM -> C:\Users\Administrador\pecuariatech\backup_utf8_restore_20251022_163727\backup_20251009_235929\C__Users_Administrador_pecuariatech_src_pastagem_page.tsx
Removido BOM -> C:\Users\Administrador\pecuariatech\backup_utf8_restore_20251022_163727\backup_20251010_000431\C__Users_Administrador_pecuariatech_app_dashboard_page.tsx
Removido BOM -> C:\Users\Administrador\pecuariatech\backup_utf8_restore_20251022_163727\backup_20251010_000431\C__Users_Administrador_pecuariatech_app_layout.tsx
Removido BOM -> C:\Users\Administrador\pecuariatech\backup_utf8_restore_20251022_163727\backup_20251010_000431\C__Users_Administrador_pecuariatech_app_pastagem_page.tsx
Removido BOM -> C:\Users\Administrador\pecuariatech\backup_utf8_restore_20251022_163727\backup_20251010_000431\C__Users_Administrador_pecuariatech_app_rebanho_page.tsx
Removido BOM -> C:\Users\Administrador\pecuariatech\backup_utf8_restore_20251022_163727\backup_20251010_000431\C__Users_Administrador_pecuariatech_app_ultrabiologica_status_page.tsx
Removido BOM -> C:\Users\Administrador\pecuariatech\backup_utf8_restore_20251022_163727\backup_20251010_000431\C__Users_Administrador_pecuariatech_backup_20251009_235929_C__Users_Administrador_pecuariatech_app_dashboard_page.tsx
Removido BOM -> C:\Users\Administrador\pecuariatech\backup_utf8_restore_20251022_163727\backup_20251010_000431\C__Users_Administrador_pecuariatech_backup_20251009_235929_C__Users_Administrador_pecuariatech_app_layout.tsx
Removido BOM -> C:\Users\Administrador\pecuariatech\backup_utf8_restore_20251022_163727\backup_20251010_000431\C__Users_Administrador_pecuariatech_backup_20251009_235929_C__Users_Administrador_pecuariatech_app_pastagem_page.tsx
Removido BOM -> C:\Users\Administrador\pecuariatech\backup_utf8_restore_20251022_163727\backup_20251010_000431\C__Users_Administrador_pecuariatech_backup_20251009_235929_C__Users_Administrador_pecuariatech_app_rebanho_page.tsx
Removido BOM -> C:\Users\Administrador\pecuariatech\backup_utf8_restore_20251022_163727\backup_20251010_000431\C__Users_Administrador_pecuariatech_backup_20251009_235929_C__Users_Administrador_pecuariatech_app_ultrabiologica_status_page.tsx
Removido BOM -> C:\Users\Administrador\pecuariatech\backup_utf8_restore_20251022_163727\backup_20251010_000431\C__Users_Administrador_pecuariatech_backup_20251009_235929_C__Users_Administrador_pecuariatech_src_app_financeiro_page.tsx
Removido BOM -> C:\Users\Administrador\pecuariatech\backup_utf8_restore_20251022_163727\backup_20251010_000431\C__Users_Administrador_pecuariatech_backup_20251009_235929_C__Users_Administrador_pecuariatech_src_app_layout.tsx
Removido BOM -> C:\Users\Administrador\pecuariatech\backup_utf8_restore_20251022_163727\backup_20251010_000431\C__Users_Administrador_pecuariatech_backup_20251009_235929_C__Users_Administrador_pecuariatech_src_app_page.tsx
Removido BOM -> C:\Users\Administrador\pecuariatech\backup_utf8_restore_20251022_163727\backup_20251010_000431\C__Users_Administrador_pecuariatech_backup_20251009_235929_C__Users_Administrador_pecuariatech_src_dashboard_page.tsx
Removido BOM -> C:\Users\Administrador\pecuariatech\backup_utf8_restore_20251022_163727\backup_20251010_000431\C__Users_Administrador_pecuariatech_backup_20251009_235929_C__Users_Administrador_pecuariatech_src_pastagem_page.tsx
Removido BOM -> C:\Users\Administrador\pecuariatech\backup_utf8_restore_20251022_163727\backup_20251010_000431\C__Users_Administrador_pecuariatech_src_app_financeiro_page.tsx
Removido BOM -> C:\Users\Administrador\pecuariatech\backup_utf8_restore_20251022_163727\backup_20251010_000431\C__Users_Administrador_pecuariatech_src_app_layout.tsx
Removido BOM -> C:\Users\Administrador\pecuariatech\backup_utf8_restore_20251022_163727\backup_20251010_000431\C__Users_Administrador_pecuariatech_src_app_page.tsx
Removido BOM -> C:\Users\Administrador\pecuariatech\backup_utf8_restore_20251022_163727\backup_20251010_000431\C__Users_Administrador_pecuariatech_src_dashboard_page.tsx
Removido BOM -> C:\Users\Administrador\pecuariatech\backup_utf8_restore_20251022_163727\backup_20251010_000431\C__Users_Administrador_pecuariatech_src_pastagem_page.tsx
Removido BOM -> C:\Users\Administrador\pecuariatech\backup_utf8_restore_20251022_163727\backup_app_20251018_102216\api\autonomo\route.ts
Removido BOM -> C:\Users\Administrador\pecuariatech\backup_utf8_restore_20251022_163727\backup_app_20251018_102216\api\chat\route.ts
Removido BOM -> C:\Users\Administrador\pecuariatech\backup_utf8_restore_20251022_163727\backup_app_20251018_102216\components\UltraChat.tsx
Removido BOM -> C:\Users\Administrador\pecuariatech\backup_utf8_restore_20251022_163727\backup_app_20251018_102216\dashboard\page.tsx
Removido BOM -> C:\Users\Administrador\pecuariatech\backup_utf8_restore_20251022_163727\backup_app_20251018_102216\pastagem\page.tsx
Removido BOM -> C:\Users\Administrador\pecuariatech\backup_utf8_restore_20251022_163727\backup_app_20251018_102216\rebanho\page.tsx
Removido BOM -> C:\Users\Administrador\pecuariatech\backup_utf8_restore_20251022_163727\backup_app_20251018_102216\ultrabiologica\status\page.tsx
Removido BOM -> C:\Users\Administrador\pecuariatech\backup_utf8_restore_20251022_163727\backup_app_20251018_132503\api\autonomo\route.ts
Removido BOM -> C:\Users\Administrador\pecuariatech\backup_utf8_restore_20251022_163727\backup_app_20251018_132503\api\chat\route.ts
Removido BOM -> C:\Users\Administrador\pecuariatech\backup_utf8_restore_20251022_163727\backup_app_20251018_132503\components\UltraChat.tsx
Removido BOM -> C:\Users\Administrador\pecuariatech\backup_utf8_restore_20251022_163727\backup_app_20251018_132503\dashboard\page.tsx
Removido BOM -> C:\Users\Administrador\pecuariatech\backup_utf8_restore_20251022_163727\backup_app_20251018_132503\pastagem\page.tsx
Removido BOM -> C:\Users\Administrador\pecuariatech\backup_utf8_restore_20251022_163727\backup_app_20251018_132503\rebanho\page.tsx
Removido BOM -> C:\Users\Administrador\pecuariatech\backup_utf8_restore_20251022_163727\backup_app_20251018_132503\ultrabiologica\status\page.tsx
Removido BOM -> C:\Users\Administrador\pecuariatech\backup_utf8_restore_20251022_163727\backup_app_20251018_142927\api\autonomo\route.ts
Removido BOM -> C:\Users\Administrador\pecuariatech\backup_utf8_restore_20251022_163727\backup_app_20251018_142927\api\chat\route.ts
Removido BOM -> C:\Users\Administrador\pecuariatech\backup_utf8_restore_20251022_163727\backup_app_20251018_142927\components\UltraChat.tsx
Removido BOM -> C:\Users\Administrador\pecuariatech\backup_utf8_restore_20251022_163727\backup_app_20251018_142927\dashboard\page.tsx
Removido BOM -> C:\Users\Administrador\pecuariatech\backup_utf8_restore_20251022_163727\backup_app_20251018_142927\pastagem\page.tsx
Removido BOM -> C:\Users\Administrador\pecuariatech\backup_utf8_restore_20251022_163727\backup_app_20251018_142927\rebanho\page.tsx
Removido BOM -> C:\Users\Administrador\pecuariatech\backup_utf8_restore_20251022_163727\backup_app_20251018_142927\ultrabiologica\status\page.tsx
Removido BOM -> C:\Users\Administrador\pecuariatech\backup_utf8_restore_20251022_163727\node_modules\@types\node\ts5.6\buffer.buffer.d.ts
Removido BOM -> C:\Users\Administrador\pecuariatech\backup_utf8_restore_20251022_163727\node_modules\@types\node\buffer.buffer.d.ts
Removido BOM -> C:\Users\Administrador\pecuariatech\backup_utf8_restore_20251022_163727\node_modules\@types\react\package.json
Removido BOM -> C:\Users\Administrador\pecuariatech\backup_utf8_restore_20251022_163727\node_modules\axe-core\locales\pt_BR.json
Removido BOM -> C:\Users\Administrador\pecuariatech\backup_utf8_restore_20251022_163727\node_modules\es-abstract\helpers\caseFolding.json
Removido BOM -> C:\Users\Administrador\pecuariatech\backup_utf8_restore_20251022_163727\node_modules\language-subtag-registry\data\json\registry.json
Removido BOM -> C:\Users\Administrador\pecuariatech\backup_utf8_restore_20251022_163727\node_modules\next\dist\compiled\@ampproject\toolbox-optimizer\index.js
Removido BOM -> C:\Users\Administrador\pecuariatech\backup_utf8_restore_20251022_163727\node_modules\next\dist\compiled\@next\font\dist\fontkit\index.js
Removido BOM -> C:\Users\Administrador\pecuariatech\backup_utf8_restore_20251022_163727\node_modules\next\dist\compiled\babel\bundle.js
Removido BOM -> C:\Users\Administrador\pecuariatech\backup_utf8_restore_20251022_163727\node_modules\next\dist\compiled\babel-packages\packages-bundle.js
Removido BOM -> C:\Users\Administrador\pecuariatech\backup_utf8_restore_20251022_163727\node_modules\next\dist\compiled\comment-json\index.js
Removido BOM -> C:\Users\Administrador\pecuariatech\backup_utf8_restore_20251022_163727\node_modules\next\dist\compiled\jsonwebtoken\index.js
Removido BOM -> C:\Users\Administrador\pecuariatech\backup_utf8_restore_20251022_163727\node_modules\next\dist\compiled\node-html-parser\index.js
Removido BOM -> C:\Users\Administrador\pecuariatech\backup_utf8_restore_20251022_163727\node_modules\next\dist\compiled\raw-body\index.js
Removido BOM -> C:\Users\Administrador\pecuariatech\backup_utf8_restore_20251022_163727\node_modules\prisma\build\public\assets\vendor.js
Removido BOM -> C:\Users\Administrador\pecuariatech\backup_utf8_restore_20251022_163727\node_modules\typescript\lib\pt-br\diagnosticMessages.generated.json
Removido BOM -> C:\Users\Administrador\pecuariatech\backup_utf8_restore_20251022_163727\scripts\dist\ultrabiologico.js
Removido BOM -> C:\Users\Administrador\pecuariatech\backup_utf8_restore_20251022_163727\scripts\ts\ultrabiologico.ts
Removido BOM -> C:\Users\Administrador\pecuariatech\backup_utf8_restore_20251022_163727\scripts\ultrabiologico.ts
Removido BOM -> C:\Users\Administrador\pecuariatech\backup_utf8_restore_20251022_163727\src\app\financeiro\page.tsx
Removido BOM -> C:\Users\Administrador\pecuariatech\backup_utf8_restore_20251022_163727\src\app\layout.tsx
Removido BOM -> C:\Users\Administrador\pecuariatech\backup_utf8_restore_20251022_163727\src\app\page.tsx
Removido BOM -> C:\Users\Administrador\pecuariatech\backup_utf8_restore_20251022_163727\src\dashboard\page.tsx
Removido BOM -> C:\Users\Administrador\pecuariatech\backup_utf8_restore_20251022_163727\src\pastagem\page.tsx
Removido BOM -> C:\Users\Administrador\pecuariatech\backup_utf8_restore_20251022_163727\seed.js
Removido BOM -> C:\Users\Administrador\pecuariatech\node_modules\@types\json5\index.d.ts
