[2025-10-19 15:44:43] Iniciando processo de restauraĂ§ĂŁo do PecuariaTech
[2025-10-19 15:44:43] DiretĂłrio do script: C:\Users\Administrador\pecuariatech
[2025-10-19 15:44:43] URL Supabase: https://kpzzekflqpoeccnqfkng.supabase.co
[2025-10-19 15:44:43] Arquivo desbloqueado com sucesso.
[2025-10-19 15:44:48] npm version: 11.5.2
[2025-10-19 15:44:48] Instalando dependĂŞncias (npm install)...

up to date, audited 514 packages in 19s

179 packages are looking for funding
  run `npm fund` for details

3 vulnerabilities (2 low, 1 moderate)

To address all issues, run:
  npm audit fix

Run `npm audit` for details.
[2025-10-19 15:45:07] DependĂŞncias instaladas com sucesso.
[2025-10-19 15:45:07] Executando build (npm run build)...

> pecuariatech@0.1.0 build
> next build

   Ă”Ă»â–“ Next.js 15.3.4
   - Environments: .env.local, .env

   Creating an optimized production build ...
 Ă”ÂŁĂ´ Compiled successfully in 15.0s
   Skipping validation of types
   Skipping linting
   Collecting page data ...
   Generating static pages (0/24) ...
   Generating static pages (6/24) 
   Generating static pages (12/24) 
   Generating static pages (18/24) 
 Ă”ÂŁĂ´ Generating static pages (24/24)
   Finalizing page optimization ...
   Collecting build traces ...

Route (app)                                 Size  First Load JS
Ă”Ă¶Ă® Ă”ĂąĂŻ /                                      178 B         101 kB
Ă”Ă¶ÂŁ Ă”ĂąĂŻ /_not-found                            977 B         102 kB
Ă”Ă¶ÂŁ ĂŁĂ† /api/autonomo                          178 B         101 kB
Ă”Ă¶ÂŁ ĂŁĂ† /api/chat                              178 B         101 kB
Ă”Ă¶ÂŁ ĂŁĂ† /api/clima                             178 B         101 kB
Ă”Ă¶ÂŁ ĂŁĂ† /api/forecast_clima                    178 B         101 kB
Ă”Ă¶ÂŁ ĂŁĂ† /api/owner                             178 B         101 kB
Ă”Ă¶ÂŁ ĂŁĂ† /api/planos                            178 B         101 kB
Ă”Ă¶ÂŁ ĂŁĂ† /api/predict_weight                    178 B         101 kB
Ă”Ă¶ÂŁ ĂŁĂ† /api/sensor                            178 B         101 kB
Ă”Ă¶ÂŁ ĂŁĂ† /api/ultra/stats                       178 B         101 kB
Ă”Ă¶ÂŁ ĂŁĂ† /api/ultrabiologico                    178 B         101 kB
Ă”Ă¶ÂŁ ĂŁĂ† /api/ultrachat                         178 B         101 kB
Ă”Ă¶ÂŁ Ă”ĂąĂŻ /dashboard                           5.61 kB         107 kB
Ă”Ă¶ÂŁ Ă”ĂąĂŻ /financeiro                            178 B         101 kB
Ă”Ă¶ÂŁ Ă”ĂąĂŻ /pastagem                              178 B         101 kB
Ă”Ă¶ÂŁ Ă”ĂąĂŻ /rebanho                               178 B         101 kB
Ă”Ă¶ÂŁ Ă”ĂąĂŻ /status                                178 B         101 kB
Ă”Ă¶ÂŁ Ă”ĂąĂŻ /ultrabiologica/status                 178 B         101 kB
Ă”Ă¶ÂŁ Ă”ĂąĂŻ /ultrabiologico2                       577 B         102 kB
Ă”Ă¶ÂŁ Ă”ĂąĂŻ /ultrachat                           1.09 kB         102 kB
Ă”Ă¶Ă¶ Ă”ĂąĂŻ /ultrahub                              178 B         101 kB
+ First Load JS shared by all             101 kB
  Ă”Ă¶ÂŁ chunks/4bd1b696-e0f918e9a4ef950e.js  53.2 kB
  Ă”Ă¶ÂŁ chunks/684-e0d941046cec8bba.js       45.9 kB
  Ă”Ă¶Ă¶ other shared chunks (total)          1.96 kB


Ă”ĂąĂŻ  (Static)   prerendered as static content
ĂŁĂ†  (Dynamic)  server-rendered on demand

[2025-10-19 15:46:05] Build concluĂ­do com sucesso.
[2025-10-19 15:46:05] Iniciando deploy para a Vercel (vercel --prod)
Vercel CLI 48.4.0
Retrieving projectĂ”Ă‡ÂŞ
Deploying richeles-alves-dos-santos-projects/pecuariatech
Uploading [--------------------] (0.0B/11.5KB)
Uploading [======--------------] (4.0KB/11.5KB)
Uploading [==============------] (8.1KB/11.5KB)
Uploading [====================] (11.5KB/11.5KB)
Inspect: https://vercel.com/richeles-alves-dos-santos-projects/pecuariatech/8aP9Qm6NH45Hma2iKvsfdjzntK9q [4s]
Production: https://pecuariatech-hwktq7aq5-richeles-alves-dos-santos-projects.vercel.app [4s]
Queued
Building
Completing
https://pecuariatech-hwktq7aq5-richeles-alves-dos-santos-projects.vercel.app
[2025-10-19 15:46:51] Deploy concluĂ­do. SaĂ­da do Vercel registrada.
[2025-10-19 15:46:51] Erro durante deploy Vercel: Cannot index into a null array.
