[2025-10-19 15:04:22] Iniciando processo de restauração do PecuariaTech
[2025-10-19 15:04:23] Diretório do script: C:\Users\Administrador\pecuariatech
[2025-10-19 15:04:23] Arquivo desbloqueado com sucesso.
[2025-10-19 15:04:30] npm version: 11.5.2
[2025-10-19 15:04:30] Instalando dependências (npm install)...

added 67 packages, removed 1 package, and audited 514 packages in 43s

179 packages are looking for funding
  run `npm fund` for details

3 vulnerabilities (2 low, 1 moderate)

To address all issues, run:
  npm audit fix

Run `npm audit` for details.
[2025-10-19 15:05:14] Dependências instaladas com sucesso.
[2025-10-19 15:05:14] Executando build (npm run build)...

> pecuariatech@0.1.0 build
> next build

   Ôû▓ Next.js 15.3.4
   - Environments: .env.local, .env

   Creating an optimized production build ...
 Ô£ô Compiled successfully in 27.0s
   Skipping validation of types
   Skipping linting
   Collecting page data ...
   Generating static pages (0/24) ...
   Generating static pages (6/24) 
   Generating static pages (12/24) 
   Generating static pages (18/24) 
 Ô£ô Generating static pages (24/24)
   Finalizing page optimization ...
   Collecting build traces ...

Route (app)                                 Size  First Load JS
Ôöî Ôùï /                                      178 B         101 kB
Ôö£ Ôùï /_not-found                            977 B         102 kB
Ôö£ ãÆ /api/autonomo                          178 B         101 kB
Ôö£ ãÆ /api/chat                              178 B         101 kB
Ôö£ ãÆ /api/clima                             178 B         101 kB
Ôö£ ãÆ /api/forecast_clima                    178 B         101 kB
Ôö£ ãÆ /api/owner                             178 B         101 kB
Ôö£ ãÆ /api/planos                            178 B         101 kB
Ôö£ ãÆ /api/predict_weight                    178 B         101 kB
Ôö£ ãÆ /api/sensor                            178 B         101 kB
Ôö£ ãÆ /api/ultra/stats                       178 B         101 kB
Ôö£ ãÆ /api/ultrabiologico                    178 B         101 kB
Ôö£ ãÆ /api/ultrachat                         178 B         101 kB
Ôö£ Ôùï /dashboard                           5.61 kB         107 kB
Ôö£ Ôùï /financeiro                            178 B         101 kB
Ôö£ Ôùï /pastagem                              178 B         101 kB
Ôö£ Ôùï /rebanho                               178 B         101 kB
Ôö£ Ôùï /status                                178 B         101 kB
Ôö£ Ôùï /ultrabiologica/status                 178 B         101 kB
Ôö£ Ôùï /ultrabiologico2                       577 B         102 kB
Ôö£ Ôùï /ultrachat                           1.09 kB         102 kB
Ôöö Ôùï /ultrahub                              178 B         101 kB
+ First Load JS shared by all             101 kB
  Ôö£ chunks/4bd1b696-e0f918e9a4ef950e.js  53.2 kB
  Ôö£ chunks/684-e0d941046cec8bba.js       45.9 kB
  Ôöö other shared chunks (total)          1.96 kB


Ôùï  (Static)   prerendered as static content
ãÆ  (Dynamic)  server-rendered on demand

[2025-10-19 15:06:51] Build concluído com sucesso.
[2025-10-19 15:06:51] Iniciando deploy para a Vercel (vercel --prod)
Vercel CLI 48.4.0
Retrieving projectÔÇª
Deploying richeles-alves-dos-santos-projects/pecuariatech
Uploading [--------------------] (0.0B/7.6KB)
Uploading [========------------] (3.3KB/7.6KB)
Uploading [====================] (7.6KB/7.6KB)
Inspect: https://vercel.com/richeles-alves-dos-santos-projects/pecuariatech/DnTyuZpAEB7DmUWG2KqRVMmXq1YP [4s]
Production: https://pecuariatech-8dmt0dffg-richeles-alves-dos-santos-projects.vercel.app [4s]
Queued
Building
Completing
https://pecuariatech-8dmt0dffg-richeles-alves-dos-santos-projects.vercel.app
[2025-10-19 15:07:42] Deploy concluído. Saída do Vercel registrada.
[2025-10-19 15:07:43] Erro durante deploy Vercel: Cannot index into a null array.
