Removido BOM -> C:\Users\Administrador\pecuariatech\scripts\dist\ultrabiologico.js
Removido BOM -> C:\Users\Administrador\pecuariatech\scripts\ts\ultrabiologico.ts
Removido BOM -> C:\Users\Administrador\pecuariatech\scripts\ultrabiologico.ts
Removido BOM -> C:\Users\Administrador\pecuariatech\src\app\financeiro\page.tsx
Removido BOM -> C:\Users\Administrador\pecuariatech\src\app\layout.tsx
Removido BOM -> C:\Users\Administrador\pecuariatech\src\app\page.tsx
Removido BOM -> C:\Users\Administrador\pecuariatech\src\dashboard\page.tsx
Removido BOM -> C:\Users\Administrador\pecuariatech\src\pastagem\page.tsx
Removido BOM -> C:\Users\Administrador\pecuariatech\seed.js

up to date, audited 516 packages in 2m

179 packages are looking for funding
  run `npm fund` for details

3 vulnerabilities (2 low, 1 moderate)

To address all issues, run:
  npm audit fix

Run `npm audit` for details.

> pecuariatech@0.1.0 build
> next build

   Ôû▓ Next.js 15.3.4
   - Environments: .env.local, .env

   Creating an optimized production build ...
